Performing C SOURCE FILE Test CMAKE_HAVE_LIBC_PTHREAD failed with the following output:
Change Dir: /home/dyh/PlanarSLAM/build/CMakeFiles/CMakeTmp

Run Build Command(s):/usr/bin/make -f Makefile cmTC_0c197/fast && /usr/bin/make  -f CMakeFiles/cmTC_0c197.dir/build.make CMakeFiles/cmTC_0c197.dir/build
make[1]: Entering directory '/home/dyh/PlanarSLAM/build/CMakeFiles/CMakeTmp'
Building C object CMakeFiles/cmTC_0c197.dir/src.c.o
/usr/bin/cc -DCMAKE_HAVE_LIBC_PTHREAD   -o CMakeFiles/cmTC_0c197.dir/src.c.o -c /home/dyh/PlanarSLAM/build/CMakeFiles/CMakeTmp/src.c
Linking C executable cmTC_0c197
/snap/cmake/1035/bin/cmake -E cmake_link_script CMakeFiles/cmTC_0c197.dir/link.txt --verbose=1
/usr/bin/cc -rdynamic CMakeFiles/cmTC_0c197.dir/src.c.o -o cmTC_0c197 
CMakeFiles/cmTC_0c197.dir/src.c.o: In function `main':
src.c:(.text+0x3e): undefined reference to `pthread_create'
src.c:(.text+0x4a): undefined reference to `pthread_detach'
src.c:(.text+0x56): undefined reference to `pthread_cancel'
src.c:(.text+0x67): undefined reference to `pthread_join'
src.c:(.text+0x7b): undefined reference to `pthread_atfork'
collect2: error: ld returned 1 exit status
CMakeFiles/cmTC_0c197.dir/build.make:98: recipe for target 'cmTC_0c197' failed
make[1]: *** [cmTC_0c197] Error 1
make[1]: Leaving directory '/home/dyh/PlanarSLAM/build/CMakeFiles/CMakeTmp'
Makefile:127: recipe for target 'cmTC_0c197/fast' failed
make: *** [cmTC_0c197/fast] Error 2


Source file was:
#include <pthread.h>

static void* test_func(void* data)
{
  return data;
}

int main(void)
{
  pthread_t thread;
  pthread_create(&thread, NULL, test_func, NULL);
  pthread_detach(thread);
  pthread_cancel(thread);
  pthread_join(thread, NULL);
  pthread_atfork(NULL, NULL, NULL);
  pthread_exit(NULL);

  return 0;
}

Determining if the function pthread_create exists in the pthreads failed with the following output:
Change Dir: /home/dyh/PlanarSLAM/build/CMakeFiles/CMakeTmp

Run Build Command(s):/usr/bin/make -f Makefile cmTC_b7488/fast && /usr/bin/make  -f CMakeFiles/cmTC_b7488.dir/build.make CMakeFiles/cmTC_b7488.dir/build
make[1]: Entering directory '/home/dyh/PlanarSLAM/build/CMakeFiles/CMakeTmp'
Building C object CMakeFiles/cmTC_b7488.dir/CheckFunctionExists.c.o
/usr/bin/cc   -DCHECK_FUNCTION_EXISTS=pthread_create -o CMakeFiles/cmTC_b7488.dir/CheckFunctionExists.c.o -c /snap/cmake/1035/share/cmake-3.22/Modules/CheckFunctionExists.c
Linking C executable cmTC_b7488
/snap/cmake/1035/bin/cmake -E cmake_link_script CMakeFiles/cmTC_b7488.dir/link.txt --verbose=1
/usr/bin/cc  -DCHECK_FUNCTION_EXISTS=pthread_create -rdynamic CMakeFiles/cmTC_b7488.dir/CheckFunctionExists.c.o -o cmTC_b7488  -lpthreads 
/usr/bin/ld: cannot find -lpthreads
collect2: error: ld returned 1 exit status
CMakeFiles/cmTC_b7488.dir/build.make:98: recipe for target 'cmTC_b7488' failed
make[1]: *** [cmTC_b7488] Error 1
make[1]: Leaving directory '/home/dyh/PlanarSLAM/build/CMakeFiles/CMakeTmp'
Makefile:127: recipe for target 'cmTC_b7488/fast' failed
make: *** [cmTC_b7488/fast] Error 2



Determining if the pthread_create exist failed with the following output:
Change Dir: /home/dyh/PlanarSLAM/build/CMakeFiles/CMakeTmp

Run Build Command:"/usr/bin/make" "cmTC_35148/fast"
/usr/bin/make -f CMakeFiles/cmTC_35148.dir/build.make CMakeFiles/cmTC_35148.dir/build
make[1]: Entering directory '/home/dyh/PlanarSLAM/build/CMakeFiles/CMakeTmp'
Building C object CMakeFiles/cmTC_35148.dir/CheckSymbolExists.c.o
/usr/bin/cc    -o CMakeFiles/cmTC_35148.dir/CheckSymbolExists.c.o   -c /home/dyh/PlanarSLAM/build/CMakeFiles/CMakeTmp/CheckSymbolExists.c
Linking C executable cmTC_35148
/usr/bin/cmake -E cmake_link_script CMakeFiles/cmTC_35148.dir/link.txt --verbose=1
/usr/bin/cc      -rdynamic CMakeFiles/cmTC_35148.dir/CheckSymbolExists.c.o  -o cmTC_35148 
CMakeFiles/cmTC_35148.dir/CheckSymbolExists.c.o: In function `main':
CheckSymbolExists.c:(.text+0x1b): undefined reference to `pthread_create'
collect2: error: ld returned 1 exit status
CMakeFiles/cmTC_35148.dir/build.make:97: recipe for target 'cmTC_35148' failed
make[1]: *** [cmTC_35148] Error 1
make[1]: Leaving directory '/home/dyh/PlanarSLAM/build/CMakeFiles/CMakeTmp'
Makefile:126: recipe for target 'cmTC_35148/fast' failed
make: *** [cmTC_35148/fast] Error 2

File /home/dyh/PlanarSLAM/build/CMakeFiles/CMakeTmp/CheckSymbolExists.c:
/* */
#include <pthread.h>

int main(int argc, char** argv)
{
  (void)argv;
#ifndef pthread_create
  return ((int*)(&pthread_create))[argc];
#else
  (void)argc;
  return 0;
#endif
}

